Build started at 2017-05-21T21:35:21.574130
Python binary: /usr/bin/python3
Python system: Linux
The Meson build system
Version: 0.39.1
Source dir: /home/kaii/libfuse
Build dir: /home/kaii/libfuse/kaii
Build type: native build
Project name: libfuse3
Sanity testing c compiler: cc
Is cross compiler: False.
Sanity check compiler command line: cc /home/kaii/libfuse/kaii/meson-private/sanitycheckc.c -o /home/kaii/libfuse/kaii/meson-private/sanitycheckc.exe
Sanity check compile stdout:

-----
Sanity check compile stderr:

-----
Running test binary command: /home/kaii/libfuse/kaii/meson-private/sanitycheckc.exe
Native c compiler: cc (gcc 5.4.0)
Build machine cpu family: x86_64
Build machine cpu: x86_64
Running compile:
Working directory:  /tmp/tmpxg_fegyg
Command line:  cc /tmp/tmpxg_fegyg/testfile.c -O0 -D_GNU_SOURCE -pipe -D_FILE_OFFSET_BITS=64 -o /tmp/tmpxg_fegyg/output.exe 

Code:
 
#include <stdio.h>
#include <stdlib.h>
#include <stddef.h>
#include <unistd.h>
#include <sys/types.h>
#include <sys/stat.h>
#include <fcntl.h>

#include <limits.h>

        #if defined __stub_fork || defined __stub___fork
        fail fail fail this function is not going to work
        #endif
        
int main() {
            void *a = (void*) &fork;
            long b = (long) a;
            return (int) b;
        }
Compiler stdout:
 
Compiler stderr:
 
Checking for function "fork": YES
Running compile:
Working directory:  /tmp/tmpby72wht4
Command line:  cc /tmp/tmpby72wht4/testfile.c -O0 -D_GNU_SOURCE -pipe -D_FILE_OFFSET_BITS=64 -o /tmp/tmpby72wht4/output.exe 

Code:
 
#include <stdio.h>
#include <stdlib.h>
#include <stddef.h>
#include <unistd.h>
#include <sys/types.h>
#include <sys/stat.h>
#include <fcntl.h>

#include <limits.h>

        #if defined __stub_fstatat || defined __stub___fstatat
        fail fail fail this function is not going to work
        #endif
        
int main() {
            void *a = (void*) &fstatat;
            long b = (long) a;
            return (int) b;
        }
Compiler stdout:
 
Compiler stderr:
 
Checking for function "fstatat": YES
Running compile:
Working directory:  /tmp/tmp_l6zqhj8
Command line:  cc /tmp/tmp_l6zqhj8/testfile.c -O0 -D_GNU_SOURCE -pipe -D_FILE_OFFSET_BITS=64 -o /tmp/tmp_l6zqhj8/output.exe 

Code:
 
#include <stdio.h>
#include <stdlib.h>
#include <stddef.h>
#include <unistd.h>
#include <sys/types.h>
#include <sys/stat.h>
#include <fcntl.h>

#include <limits.h>

        #if defined __stub_openat || defined __stub___openat
        fail fail fail this function is not going to work
        #endif
        
int main() {
            void *a = (void*) &openat;
            long b = (long) a;
            return (int) b;
        }
Compiler stdout:
 
Compiler stderr:
 
Checking for function "openat": YES
Running compile:
Working directory:  /tmp/tmplv7gf_qx
Command line:  cc /tmp/tmplv7gf_qx/testfile.c -O0 -D_GNU_SOURCE -pipe -D_FILE_OFFSET_BITS=64 -o /tmp/tmplv7gf_qx/output.exe 

Code:
 
#include <stdio.h>
#include <stdlib.h>
#include <stddef.h>
#include <unistd.h>
#include <sys/types.h>
#include <sys/stat.h>
#include <fcntl.h>

#include <limits.h>

        #if defined __stub_readlinkat || defined __stub___readlinkat
        fail fail fail this function is not going to work
        #endif
        
int main() {
            void *a = (void*) &readlinkat;
            long b = (long) a;
            return (int) b;
        }
Compiler stdout:
 
Compiler stderr:
 
Checking for function "readlinkat": YES
Running compile:
Working directory:  /tmp/tmpwjkd96km
Command line:  cc /tmp/tmpwjkd96km/testfile.c -O0 -D_GNU_SOURCE -pipe -D_FILE_OFFSET_BITS=64 -o /tmp/tmpwjkd96km/output.exe 

Code:
 
#include <stdio.h>
#include <stdlib.h>
#include <stddef.h>
#include <unistd.h>
#include <sys/types.h>
#include <sys/stat.h>
#include <fcntl.h>

#include <limits.h>

        #if defined __stub_pipe2 || defined __stub___pipe2
        fail fail fail this function is not going to work
        #endif
        
int main() {
            void *a = (void*) &pipe2;
            long b = (long) a;
            return (int) b;
        }
Compiler stdout:
 
Compiler stderr:
 
Checking for function "pipe2": YES
Running compile:
Working directory:  /tmp/tmp27usrwlu
Command line:  cc /tmp/tmp27usrwlu/testfile.c -O0 -D_GNU_SOURCE -pipe -D_FILE_OFFSET_BITS=64 -o /tmp/tmp27usrwlu/output.exe 

Code:
 
#include <stdio.h>
#include <stdlib.h>
#include <stddef.h>
#include <unistd.h>
#include <sys/types.h>
#include <sys/stat.h>
#include <fcntl.h>

#include <limits.h>

        #if defined __stub_splice || defined __stub___splice
        fail fail fail this function is not going to work
        #endif
        
int main() {
            void *a = (void*) &splice;
            long b = (long) a;
            return (int) b;
        }
Compiler stdout:
 
Compiler stderr:
 
Checking for function "splice": YES
Running compile:
Working directory:  /tmp/tmpc3rw4rte
Command line:  cc /tmp/tmpc3rw4rte/testfile.c -O0 -D_GNU_SOURCE -pipe -D_FILE_OFFSET_BITS=64 -o /tmp/tmpc3rw4rte/output.exe 

Code:
 
#include <stdio.h>
#include <stdlib.h>
#include <stddef.h>
#include <unistd.h>
#include <sys/types.h>
#include <sys/stat.h>
#include <fcntl.h>

#include <limits.h>

        #if defined __stub_vmsplice || defined __stub___vmsplice
        fail fail fail this function is not going to work
        #endif
        
int main() {
            void *a = (void*) &vmsplice;
            long b = (long) a;
            return (int) b;
        }
Compiler stdout:
 
Compiler stderr:
 
Checking for function "vmsplice": YES
Running compile:
Working directory:  /tmp/tmp7k7du382
Command line:  cc /tmp/tmp7k7du382/testfile.c -O0 -D_GNU_SOURCE -pipe -D_FILE_OFFSET_BITS=64 -o /tmp/tmp7k7du382/output.exe 

Code:
 
#include <stdio.h>
#include <stdlib.h>
#include <stddef.h>
#include <unistd.h>
#include <sys/types.h>
#include <sys/stat.h>
#include <fcntl.h>

#include <limits.h>

        #if defined __stub_posix_fallocate || defined __stub___posix_fallocate
        fail fail fail this function is not going to work
        #endif
        
int main() {
            void *a = (void*) &posix_fallocate;
            long b = (long) a;
            return (int) b;
        }
Compiler stdout:
 
Compiler stderr:
 
Checking for function "posix_fallocate": YES
Running compile:
Working directory:  /tmp/tmp6e42__5_
Command line:  cc /tmp/tmp6e42__5_/testfile.c -O0 -D_GNU_SOURCE -pipe -D_FILE_OFFSET_BITS=64 -o /tmp/tmp6e42__5_/output.exe 

Code:
 
#include <stdio.h>
#include <stdlib.h>
#include <stddef.h>
#include <unistd.h>
#include <sys/types.h>
#include <sys/stat.h>
#include <fcntl.h>

#include <limits.h>

        #if defined __stub_fdatasync || defined __stub___fdatasync
        fail fail fail this function is not going to work
        #endif
        
int main() {
            void *a = (void*) &fdatasync;
            long b = (long) a;
            return (int) b;
        }
Compiler stdout:
 
Compiler stderr:
 
Checking for function "fdatasync": YES
Running compile:
Working directory:  /tmp/tmpgz7zaybj
Command line:  cc /tmp/tmpgz7zaybj/testfile.c -O0 -D_GNU_SOURCE -pipe -D_FILE_OFFSET_BITS=64 -o /tmp/tmpgz7zaybj/output.exe 

Code:
 
#include <stdio.h>
#include <stdlib.h>
#include <stddef.h>
#include <unistd.h>
#include <sys/types.h>
#include <sys/stat.h>
#include <fcntl.h>

#include <limits.h>

        #if defined __stub_utimensat || defined __stub___utimensat
        fail fail fail this function is not going to work
        #endif
        
int main() {
            void *a = (void*) &utimensat;
            long b = (long) a;
            return (int) b;
        }
Compiler stdout:
 
Compiler stderr:
 
Checking for function "utimensat": YES
Running compile:
Working directory:  /tmp/tmpchvjxsrz
Command line:  cc /tmp/tmpchvjxsrz/testfile.c -O0 -pipe -D_FILE_OFFSET_BITS=64 -o /tmp/tmpchvjxsrz/output.exe 

Code:
 #include <sys/xattr.h>
#include <limits.h>

        #if defined __stub_setxattr || defined __stub___setxattr
        fail fail fail this function is not going to work
        #endif
        
int main() {
            void *a = (void*) &setxattr;
            long b = (long) a;
            return (int) b;
        }
Compiler stdout:
 
Compiler stderr:
 
Checking for function "setxattr": YES
Running compile:
Working directory:  /tmp/tmpifm1o435
Command line:  cc /tmp/tmpifm1o435/testfile.c -O0 -pipe -D_FILE_OFFSET_BITS=64 -o /tmp/tmpifm1o435/output.exe 

Code:
 #include <iconv.h>
#include <limits.h>

        #if defined __stub_iconv || defined __stub___iconv
        fail fail fail this function is not going to work
        #endif
        
int main() {
            void *a = (void*) &iconv;
            long b = (long) a;
            return (int) b;
        }
Compiler stdout:
 
Compiler stderr:
 
Checking for function "iconv": YES
Running compile:
Working directory:  /tmp/tmpen665n3g
Command line:  cc /tmp/tmpen665n3g/testfile.c -O0 -D_GNU_SOURCE -pipe -D_FILE_OFFSET_BITS=64 -c -o /tmp/tmpen665n3g/output.obj 

Code:
 
#include <stdio.h>
#include <stdlib.h>
#include <stddef.h>
#include <unistd.h>
#include <sys/types.h>
#include <sys/stat.h>
#include <fcntl.h>

        void bar() {
            struct stat foo;
            foo.st_atim;

        };
Compiler stdout:
 
Compiler stderr:
 
Checking whether type "struct stat" has member "st_atim": YES
Running compile:
Working directory:  /tmp/tmpipsrakqd
Command line:  cc /tmp/tmpipsrakqd/testfile.c -O0 -D_GNU_SOURCE -pipe -D_FILE_OFFSET_BITS=64 -c -o /tmp/tmpipsrakqd/output.obj 

Code:
 
#include <stdio.h>
#include <stdlib.h>
#include <stddef.h>
#include <unistd.h>
#include <sys/types.h>
#include <sys/stat.h>
#include <fcntl.h>

        void bar() {
            struct stat foo;
            foo.st_atimespec;

        };
Compiler stdout:
 
Compiler stderr:
 /tmp/tmpipsrakqd/testfile.c: In function ‘bar’:
/tmp/tmpipsrakqd/testfile.c:12:16: error: ‘struct stat’ has no member named ‘st_atimespec’
             foo.st_atimespec;
                ^

Checking whether type "struct stat" has member "st_atimespec": NO
Configuring config.h using configuration
Running compile:
Working directory:  /tmp/tmpua2a06l6
Command line:  cc /tmp/tmpua2a06l6/testfile.c -O0 -O0 -Werror=unused-result -pipe -D_FILE_OFFSET_BITS=64 -c -o /tmp/tmpua2a06l6/output.obj 

Code:
 
__attribute__((warn_unused_result)) int get_4() {
    return 4;
}
int main(void) {
    (void) get_4();
    return 0;
}
Compiler stdout:
 
Compiler stderr:
 /tmp/tmpua2a06l6/testfile.c: In function ‘main’:
/tmp/tmpua2a06l6/testfile.c:6:5: error: ignoring return value of ‘get_4’, declared with attribute warn_unused_result [-Werror=unused-result]
     (void) get_4();
     ^
cc1: some warnings being treated as errors

Message: Compiler warns about unused result even when casting to void
Dependency threads found: YES
Running compile:
Working directory:  /tmp/tmp9g9syqeb
Command line:  cc /tmp/tmp9g9syqeb/testfile.c -O0 -ldl -pipe -D_FILE_OFFSET_BITS=64 -o /tmp/tmp9g9syqeb/output.exe 

Code:
 int main(int argc, char **argv) {
    return 0;
}
        
Compiler stdout:
 
Compiler stderr:
 
Library dl found: YES
Program install_helper.sh found: YES (/home/kaii/libfuse/util/install_helper.sh)
Adding test "wrong_cmd".
Build targets in project: 25
